{"total": {"lines":{"total":814,"covered":123,"skipped":0,"pct":15.11},"statements":{"total":842,"covered":128,"skipped":0,"pct":15.2},"functions":{"total":129,"covered":16,"skipped":0,"pct":12.4},"branches":{"total":311,"covered":46,"skipped":0,"pct":14.79},"branchesTrue":{"total":0,"covered":0,"skipped":0,"pct":100}}
,"/home/runner/work/Sparkleft/Sparkleft/src/client.ts": {"lines":{"total":2,"covered":2,"skipped":0,"pct":100},"functions":{"total":0,"covered":0,"skipped":0,"pct":100},"statements":{"total":2,"covered":2,"skipped":0,"pct":100},"branches":{"total":0,"covered":0,"skipped":0,"pct":100}}
,"/home/runner/work/Sparkleft/Sparkleft/src/config.ts": {"lines":{"total":3,"covered":1,"skipped":0,"pct":33.33},"functions":{"total":2,"covered":0,"skipped":0,"pct":0},"statements":{"total":3,"covered":1,"skipped":0,"pct":33.33},"branches":{"total":16,"covered":14,"skipped":0,"pct":87.5}}
,"/home/runner/work/Sparkleft/Sparkleft/src/redis.ts": {"lines":{"total":1,"covered":1,"skipped":0,"pct":100},"functions":{"total":0,"covered":0,"skipped":0,"pct":100},"statements":{"total":1,"covered":1,"skipped":0,"pct":100},"branches":{"total":0,"covered":0,"skipped":0,"pct":100}}
,"/home/runner/work/Sparkleft/Sparkleft/src/server.ts": {"lines":{"total":26,"covered":0,"skipped":0,"pct":0},"functions":{"total":3,"covered":0,"skipped":0,"pct":0},"statements":{"total":26,"covered":0,"skipped":0,"pct":0},"branches":{"total":0,"covered":0,"skipped":0,"pct":100}}
,"/home/runner/work/Sparkleft/Sparkleft/src/worker.ts": {"lines":{"total":7,"covered":0,"skipped":0,"pct":0},"functions":{"total":1,"covered":0,"skipped":0,"pct":0},"statements":{"total":7,"covered":0,"skipped":0,"pct":0},"branches":{"total":0,"covered":0,"skipped":0,"pct":100}}
,"/home/runner/work/Sparkleft/Sparkleft/src/endpoints/about.ts": {"lines":{"total":5,"covered":0,"skipped":0,"pct":0},"functions":{"total":2,"covered":0,"skipped":0,"pct":0},"statements":{"total":6,"covered":0,"skipped":0,"pct":0},"branches":{"total":6,"covered":0,"skipped":0,"pct":0}}
,"/home/runner/work/Sparkleft/Sparkleft/src/endpoints/autoImportPage.ts": {"lines":{"total":1,"covered":0,"skipped":0,"pct":0},"functions":{"total":1,"covered":0,"skipped":0,"pct":0},"statements":{"total":1,"covered":0,"skipped":0,"pct":0},"branches":{"total":0,"covered":0,"skipped":0,"pct":100}}
,"/home/runner/work/Sparkleft/Sparkleft/src/endpoints/budgetSumUpPage.ts": {"lines":{"total":1,"covered":0,"skipped":0,"pct":0},"functions":{"total":1,"covered":0,"skipped":0,"pct":0},"statements":{"total":1,"covered":0,"skipped":0,"pct":0},"branches":{"total":0,"covered":0,"skipped":0,"pct":100}}
,"/home/runner/work/Sparkleft/Sparkleft/src/endpoints/categoriesForTransaction.ts": {"lines":{"total":8,"covered":0,"skipped":0,"pct":0},"functions":{"total":2,"covered":0,"skipped":0,"pct":0},"statements":{"total":9,"covered":0,"skipped":0,"pct":0},"branches":{"total":0,"covered":0,"skipped":0,"pct":100}}
,"/home/runner/work/Sparkleft/Sparkleft/src/endpoints/controlPage.ts": {"lines":{"total":1,"covered":0,"skipped":0,"pct":0},"functions":{"total":1,"covered":0,"skipped":0,"pct":0},"statements":{"total":1,"covered":0,"skipped":0,"pct":0},"branches":{"total":0,"covered":0,"skipped":0,"pct":100}}
,"/home/runner/work/Sparkleft/Sparkleft/src/endpoints/createNewCategory.ts": {"lines":{"total":12,"covered":0,"skipped":0,"pct":0},"functions":{"total":2,"covered":0,"skipped":0,"pct":0},"statements":{"total":13,"covered":0,"skipped":0,"pct":0},"branches":{"total":2,"covered":0,"skipped":0,"pct":0}}
,"/home/runner/work/Sparkleft/Sparkleft/src/endpoints/settingBudgetForTransaction.ts": {"lines":{"total":8,"covered":0,"skipped":0,"pct":0},"functions":{"total":1,"covered":0,"skipped":0,"pct":0},"statements":{"total":8,"covered":0,"skipped":0,"pct":0},"branches":{"total":0,"covered":0,"skipped":0,"pct":100}}
,"/home/runner/work/Sparkleft/Sparkleft/src/endpoints/settingCategoryForTransaction.ts": {"lines":{"total":8,"covered":0,"skipped":0,"pct":0},"functions":{"total":1,"covered":0,"skipped":0,"pct":0},"statements":{"total":8,"covered":0,"skipped":0,"pct":0},"branches":{"total":0,"covered":0,"skipped":0,"pct":100}}
,"/home/runner/work/Sparkleft/Sparkleft/src/endpoints/triggerAutoImport.ts": {"lines":{"total":14,"covered":0,"skipped":0,"pct":0},"functions":{"total":1,"covered":0,"skipped":0,"pct":0},"statements":{"total":14,"covered":0,"skipped":0,"pct":0},"branches":{"total":5,"covered":0,"skipped":0,"pct":0}}
,"/home/runner/work/Sparkleft/Sparkleft/src/endpoints/triggerBudgetSumUp.ts": {"lines":{"total":14,"covered":0,"skipped":0,"pct":0},"functions":{"total":1,"covered":0,"skipped":0,"pct":0},"statements":{"total":14,"covered":0,"skipped":0,"pct":0},"branches":{"total":5,"covered":0,"skipped":0,"pct":0}}
,"/home/runner/work/Sparkleft/Sparkleft/src/endpoints/webhook.ts": {"lines":{"total":21,"covered":0,"skipped":0,"pct":0},"functions":{"total":1,"covered":0,"skipped":0,"pct":0},"statements":{"total":21,"covered":0,"skipped":0,"pct":0},"branches":{"total":4,"covered":0,"skipped":0,"pct":0}}
,"/home/runner/work/Sparkleft/Sparkleft/src/modules/notifiers/discord.ts": {"lines":{"total":11,"covered":0,"skipped":0,"pct":0},"functions":{"total":5,"covered":0,"skipped":0,"pct":0},"statements":{"total":11,"covered":0,"skipped":0,"pct":0},"branches":{"total":4,"covered":0,"skipped":0,"pct":0}}
,"/home/runner/work/Sparkleft/Sparkleft/src/modules/notifiers/gotify.ts": {"lines":{"total":24,"covered":1,"skipped":0,"pct":4.16},"functions":{"total":6,"covered":0,"skipped":0,"pct":0},"statements":{"total":25,"covered":1,"skipped":0,"pct":4},"branches":{"total":10,"covered":0,"skipped":0,"pct":0}}
,"/home/runner/work/Sparkleft/Sparkleft/src/modules/notifiers/index.ts": {"lines":{"total":4,"covered":2,"skipped":0,"pct":50},"functions":{"total":0,"covered":0,"skipped":0,"pct":100},"statements":{"total":4,"covered":2,"skipped":0,"pct":50},"branches":{"total":7,"covered":3,"skipped":0,"pct":42.85}}
,"/home/runner/work/Sparkleft/Sparkleft/src/modules/notifiers/notifier.ts": {"lines":{"total":8,"covered":0,"skipped":0,"pct":0},"functions":{"total":2,"covered":0,"skipped":0,"pct":0},"statements":{"total":8,"covered":0,"skipped":0,"pct":0},"branches":{"total":4,"covered":0,"skipped":0,"pct":0}}
,"/home/runner/work/Sparkleft/Sparkleft/src/queues/index.ts": {"lines":{"total":79,"covered":0,"skipped":0,"pct":0},"functions":{"total":11,"covered":0,"skipped":0,"pct":0},"statements":{"total":80,"covered":0,"skipped":0,"pct":0},"branches":{"total":44,"covered":0,"skipped":0,"pct":0}}
,"/home/runner/work/Sparkleft/Sparkleft/src/queues/queue.ts": {"lines":{"total":5,"covered":1,"skipped":0,"pct":20},"functions":{"total":1,"covered":0,"skipped":0,"pct":0},"statements":{"total":5,"covered":1,"skipped":0,"pct":20},"branches":{"total":2,"covered":0,"skipped":0,"pct":0}}
,"/home/runner/work/Sparkleft/Sparkleft/src/queues/queueArgs.ts": {"lines":{"total":3,"covered":0,"skipped":0,"pct":0},"functions":{"total":3,"covered":0,"skipped":0,"pct":0},"statements":{"total":3,"covered":0,"skipped":0,"pct":0},"branches":{"total":0,"covered":0,"skipped":0,"pct":100}}
,"/home/runner/work/Sparkleft/Sparkleft/src/queues/utils.ts": {"lines":{"total":18,"covered":1,"skipped":0,"pct":5.55},"functions":{"total":5,"covered":0,"skipped":0,"pct":0},"statements":{"total":18,"covered":1,"skipped":0,"pct":5.55},"branches":{"total":0,"covered":0,"skipped":0,"pct":100}}
,"/home/runner/work/Sparkleft/Sparkleft/src/queues/jobs/BaseJob.ts": {"lines":{"total":26,"covered":25,"skipped":0,"pct":96.15},"functions":{"total":5,"covered":5,"skipped":0,"pct":100},"statements":{"total":26,"covered":25,"skipped":0,"pct":96.15},"branches":{"total":9,"covered":8,"skipped":0,"pct":88.88}}
,"/home/runner/work/Sparkleft/Sparkleft/src/queues/jobs/autoImport.ts": {"lines":{"total":23,"covered":22,"skipped":0,"pct":95.65},"functions":{"total":1,"covered":1,"skipped":0,"pct":100},"statements":{"total":23,"covered":22,"skipped":0,"pct":95.65},"branches":{"total":9,"covered":8,"skipped":0,"pct":88.88}}
,"/home/runner/work/Sparkleft/Sparkleft/src/queues/jobs/budgetSumUp.ts": {"lines":{"total":23,"covered":0,"skipped":0,"pct":0},"functions":{"total":3,"covered":0,"skipped":0,"pct":0},"statements":{"total":25,"covered":0,"skipped":0,"pct":0},"branches":{"total":9,"covered":0,"skipped":0,"pct":0}}
,"/home/runner/work/Sparkleft/Sparkleft/src/queues/jobs/checkBudgetLimit.ts": {"lines":{"total":45,"covered":3,"skipped":0,"pct":6.66},"functions":{"total":2,"covered":0,"skipped":0,"pct":0},"statements":{"total":45,"covered":3,"skipped":0,"pct":6.66},"branches":{"total":26,"covered":0,"skipped":0,"pct":0}}
,"/home/runner/work/Sparkleft/Sparkleft/src/queues/jobs/index.ts": {"lines":{"total":4,"covered":0,"skipped":0,"pct":0},"functions":{"total":0,"covered":0,"skipped":0,"pct":100},"statements":{"total":4,"covered":0,"skipped":0,"pct":0},"branches":{"total":0,"covered":0,"skipped":0,"pct":100}}
,"/home/runner/work/Sparkleft/Sparkleft/src/queues/jobs/linkPaypalTransactions.ts": {"lines":{"total":44,"covered":3,"skipped":0,"pct":6.81},"functions":{"total":4,"covered":0,"skipped":0,"pct":0},"statements":{"total":44,"covered":3,"skipped":0,"pct":6.81},"branches":{"total":26,"covered":0,"skipped":0,"pct":0}}
,"/home/runner/work/Sparkleft/Sparkleft/src/queues/jobs/removeTransactionMessages.ts": {"lines":{"total":27,"covered":3,"skipped":0,"pct":11.11},"functions":{"total":1,"covered":0,"skipped":0,"pct":0},"statements":{"total":27,"covered":3,"skipped":0,"pct":11.11},"branches":{"total":8,"covered":0,"skipped":0,"pct":0}}
,"/home/runner/work/Sparkleft/Sparkleft/src/queues/jobs/setBudgetForTransaction.ts": {"lines":{"total":13,"covered":2,"skipped":0,"pct":15.38},"functions":{"total":1,"covered":0,"skipped":0,"pct":0},"statements":{"total":13,"covered":2,"skipped":0,"pct":15.38},"branches":{"total":0,"covered":0,"skipped":0,"pct":100}}
,"/home/runner/work/Sparkleft/Sparkleft/src/queues/jobs/setCategoryForTransaction.ts": {"lines":{"total":13,"covered":2,"skipped":0,"pct":15.38},"functions":{"total":1,"covered":0,"skipped":0,"pct":0},"statements":{"total":13,"covered":2,"skipped":0,"pct":15.38},"branches":{"total":0,"covered":0,"skipped":0,"pct":100}}
,"/home/runner/work/Sparkleft/Sparkleft/src/queues/jobs/unbudgetedTransactions.ts": {"lines":{"total":35,"covered":3,"skipped":0,"pct":8.57},"functions":{"total":3,"covered":0,"skipped":0,"pct":0},"statements":{"total":36,"covered":3,"skipped":0,"pct":8.33},"branches":{"total":12,"covered":0,"skipped":0,"pct":0}}
,"/home/runner/work/Sparkleft/Sparkleft/src/queues/jobs/uncategorizedTransactions.ts": {"lines":{"total":48,"covered":3,"skipped":0,"pct":6.25},"functions":{"total":5,"covered":0,"skipped":0,"pct":0},"statements":{"total":50,"covered":3,"skipped":0,"pct":6},"branches":{"total":20,"covered":0,"skipped":0,"pct":0}}
,"/home/runner/work/Sparkleft/Sparkleft/src/queues/jobs/updateBillsBudgetLimit.ts": {"lines":{"total":46,"covered":3,"skipped":0,"pct":6.52},"functions":{"total":8,"covered":0,"skipped":0,"pct":0},"statements":{"total":49,"covered":3,"skipped":0,"pct":6.12},"branches":{"total":14,"covered":0,"skipped":0,"pct":0}}
,"/home/runner/work/Sparkleft/Sparkleft/src/queues/jobs/updateLeftoverBudgetLimit.ts": {"lines":{"total":73,"covered":3,"skipped":0,"pct":4.1},"functions":{"total":9,"covered":0,"skipped":0,"pct":0},"statements":{"total":79,"covered":3,"skipped":0,"pct":3.79},"branches":{"total":33,"covered":0,"skipped":0,"pct":0}}
,"/home/runner/work/Sparkleft/Sparkleft/src/utils/assertTransactionExistsMiddleware.ts": {"lines":{"total":7,"covered":0,"skipped":0,"pct":0},"functions":{"total":1,"covered":0,"skipped":0,"pct":0},"statements":{"total":7,"covered":0,"skipped":0,"pct":0},"branches":{"total":0,"covered":0,"skipped":0,"pct":100}}
,"/home/runner/work/Sparkleft/Sparkleft/src/utils/budgetName.ts": {"lines":{"total":4,"covered":0,"skipped":0,"pct":0},"functions":{"total":1,"covered":0,"skipped":0,"pct":0},"statements":{"total":4,"covered":0,"skipped":0,"pct":0},"branches":{"total":0,"covered":0,"skipped":0,"pct":100}}
,"/home/runner/work/Sparkleft/Sparkleft/src/utils/date.ts": {"lines":{"total":12,"covered":3,"skipped":0,"pct":25},"functions":{"total":3,"covered":1,"skipped":0,"pct":33.33},"statements":{"total":12,"covered":3,"skipped":0,"pct":25},"branches":{"total":6,"covered":1,"skipped":0,"pct":16.66}}
,"/home/runner/work/Sparkleft/Sparkleft/src/utils/getTransactionShowLink.ts": {"lines":{"total":1,"covered":0,"skipped":0,"pct":0},"functions":{"total":1,"covered":0,"skipped":0,"pct":0},"statements":{"total":1,"covered":0,"skipped":0,"pct":0},"branches":{"total":0,"covered":0,"skipped":0,"pct":100}}
,"/home/runner/work/Sparkleft/Sparkleft/src/utils/middleware.ts": {"lines":{"total":8,"covered":0,"skipped":0,"pct":0},"functions":{"total":3,"covered":0,"skipped":0,"pct":0},"statements":{"total":8,"covered":0,"skipped":0,"pct":0},"branches":{"total":2,"covered":0,"skipped":0,"pct":0}}
,"/home/runner/work/Sparkleft/Sparkleft/src/utils/notification.ts": {"lines":{"total":13,"covered":0,"skipped":0,"pct":0},"functions":{"total":5,"covered":0,"skipped":0,"pct":0},"statements":{"total":13,"covered":0,"skipped":0,"pct":0},"branches":{"total":6,"covered":0,"skipped":0,"pct":0}}
,"/home/runner/work/Sparkleft/Sparkleft/src/utils/renderTemplate.ts": {"lines":{"total":19,"covered":14,"skipped":0,"pct":73.68},"functions":{"total":11,"covered":3,"skipped":0,"pct":27.27},"statements":{"total":25,"covered":16,"skipped":0,"pct":64},"branches":{"total":2,"covered":0,"skipped":0,"pct":0}}
,"/home/runner/work/Sparkleft/Sparkleft/src/utils/sleep.ts": {"lines":{"total":1,"covered":1,"skipped":0,"pct":100},"functions":{"total":2,"covered":2,"skipped":0,"pct":100},"statements":{"total":2,"covered":2,"skipped":0,"pct":100},"branches":{"total":0,"covered":0,"skipped":0,"pct":100}}
,"/home/runner/work/Sparkleft/Sparkleft/src/utils/tokenMiddleware.ts": {"lines":{"total":11,"covered":11,"skipped":0,"pct":100},"functions":{"total":1,"covered":1,"skipped":0,"pct":100},"statements":{"total":11,"covered":11,"skipped":0,"pct":100},"branches":{"total":6,"covered":6,"skipped":0,"pct":100}}
,"/home/runner/work/Sparkleft/Sparkleft/src/utils/transactionResultMiddleware.ts": {"lines":{"total":2,"covered":0,"skipped":0,"pct":0},"functions":{"total":1,"covered":0,"skipped":0,"pct":0},"statements":{"total":2,"covered":0,"skipped":0,"pct":0},"branches":{"total":0,"covered":0,"skipped":0,"pct":100}}
,"/home/runner/work/Sparkleft/Sparkleft/src/utils/webhookSecret.ts": {"lines":{"total":32,"covered":13,"skipped":0,"pct":40.62},"functions":{"total":4,"covered":3,"skipped":0,"pct":75},"statements":{"total":34,"covered":15,"skipped":0,"pct":44.11},"branches":{"total":14,"covered":6,"skipped":0,"pct":42.85}}
,"/home/runner/work/Sparkleft/Sparkleft/src/utils/types/budgetSumUp.ts": {"lines":{"total":0,"covered":0,"skipped":0,"pct":100},"functions":{"total":0,"covered":0,"skipped":0,"pct":100},"statements":{"total":0,"covered":0,"skipped":0,"pct":100},"branches":{"total":0,"covered":0,"skipped":0,"pct":100}}
}
